2019-09-18 22:21:34 INFO  InventoryConfig:38 - Successfully opened the input stream for properties :: /resource/properties/applicationProp.properties
2019-09-18 22:21:40 INFO  UserService:59 - in authenticating user method
2019-09-18 22:21:40 INFO  BaseConnection:199 - sql cleanup process completed
2019-09-18 22:21:40 INFO  BaseConnection:199 - sql cleanup process completed
2019-09-18 22:21:40 INFO  BaseConnection:199 - sql cleanup process completed
2019-09-18 22:21:40 INFO  BaseConnection:199 - sql cleanup process completed
2019-09-18 22:21:40 INFO  BaseConnection:199 - sql cleanup process completed
2019-09-18 22:21:41 INFO  InventoryTimers:26 - initializing all timers
2019-09-18 22:21:41 INFO  InventoryTimers:36 - initializing auto database backup timer
2019-09-18 22:21:41 INFO  InventoryTimers:44 - automatic db backup scheduled to date:Mon Sep 23 20:43:59 IST 2019
2019-09-18 22:44:02 INFO  InventoryConfig:38 - Successfully opened the input stream for properties :: /resource/properties/applicationProp.properties
2019-09-18 22:44:06 INFO  UserService:59 - in authenticating user method
2019-09-18 22:44:06 INFO  BaseConnection:199 - sql cleanup process completed
2019-09-18 22:44:06 INFO  BaseConnection:199 - sql cleanup process completed
2019-09-18 22:44:07 INFO  BaseConnection:199 - sql cleanup process completed
2019-09-18 22:44:07 INFO  BaseConnection:199 - sql cleanup process completed
2019-09-18 22:44:07 INFO  BaseConnection:199 - sql cleanup process completed
2019-09-18 22:44:07 INFO  InventoryTimers:26 - initializing all timers
2019-09-18 22:44:07 INFO  InventoryTimers:36 - initializing auto database backup timer
2019-09-18 22:44:07 INFO  InventoryTimers:44 - automatic db backup scheduled to date:Mon Sep 23 20:43:59 IST 2019
2019-09-18 22:47:01 INFO  InventoryConfig:38 - Successfully opened the input stream for properties :: /resource/properties/applicationProp.properties
2019-09-18 22:47:07 INFO  UserService:59 - in authenticating user method
2019-09-18 22:47:07 INFO  BaseConnection:199 - sql cleanup process completed
2019-09-18 22:47:07 INFO  BaseConnection:199 - sql cleanup process completed
2019-09-18 22:47:07 INFO  BaseConnection:199 - sql cleanup process completed
2019-09-18 22:47:07 INFO  BaseConnection:199 - sql cleanup process completed
2019-09-18 22:47:08 INFO  BaseConnection:199 - sql cleanup process completed
2019-09-18 22:47:08 INFO  InventoryTimers:26 - initializing all timers
2019-09-18 22:47:08 INFO  InventoryTimers:36 - initializing auto database backup timer
2019-09-18 22:47:08 INFO  InventoryTimers:44 - automatic db backup scheduled to date:Mon Sep 23 20:43:59 IST 2019
2019-09-18 22:48:10 INFO  InventoryConfig:38 - Successfully opened the input stream for properties :: /resource/properties/applicationProp.properties
2019-09-18 22:48:14 INFO  UserService:59 - in authenticating user method
2019-09-18 22:48:16 INFO  BaseConnection:199 - sql cleanup process completed
2019-09-18 22:48:16 INFO  BaseConnection:199 - sql cleanup process completed
2019-09-18 22:48:16 INFO  BaseConnection:199 - sql cleanup process completed
2019-09-18 22:48:16 INFO  BaseConnection:199 - sql cleanup process completed
2019-09-18 22:48:16 INFO  BaseConnection:199 - sql cleanup process completed
2019-09-18 22:48:16 INFO  InventoryTimers:26 - initializing all timers
2019-09-18 22:48:16 INFO  InventoryTimers:36 - initializing auto database backup timer
2019-09-18 22:48:16 INFO  InventoryTimers:44 - automatic db backup scheduled to date:Mon Sep 23 20:43:59 IST 2019
2019-09-18 22:48:55 INFO  InventoryConfig:38 - Successfully opened the input stream for properties :: /resource/properties/applicationProp.properties
2019-09-18 22:48:59 INFO  UserService:59 - in authenticating user method
2019-09-18 22:49:00 INFO  BaseConnection:199 - sql cleanup process completed
2019-09-18 22:49:00 INFO  BaseConnection:199 - sql cleanup process completed
2019-09-18 22:49:00 INFO  BaseConnection:199 - sql cleanup process completed
2019-09-18 22:49:00 INFO  BaseConnection:199 - sql cleanup process completed
2019-09-18 22:49:00 INFO  BaseConnection:199 - sql cleanup process completed
2019-09-18 22:49:00 INFO  InventoryTimers:26 - initializing all timers
2019-09-18 22:49:00 INFO  InventoryTimers:36 - initializing auto database backup timer
2019-09-18 22:49:00 INFO  InventoryTimers:44 - automatic db backup scheduled to date:Mon Sep 23 20:43:59 IST 2019
2019-09-18 22:50:28 INFO  InventoryConfig:38 - Successfully opened the input stream for properties :: /resource/properties/applicationProp.properties
2019-09-18 22:50:54 INFO  UserService:59 - in authenticating user method
2019-09-18 22:50:55 INFO  BaseConnection:199 - sql cleanup process completed
2019-09-18 22:50:55 INFO  BaseConnection:199 - sql cleanup process completed
2019-09-18 22:50:55 INFO  BaseConnection:199 - sql cleanup process completed
2019-09-18 22:50:55 INFO  BaseConnection:199 - sql cleanup process completed
2019-09-18 22:50:55 INFO  BaseConnection:199 - sql cleanup process completed
2019-09-18 22:50:55 INFO  InventoryTimers:26 - initializing all timers
2019-09-18 22:50:55 INFO  InventoryTimers:36 - initializing auto database backup timer
2019-09-18 22:50:55 INFO  InventoryTimers:44 - automatic db backup scheduled to date:Mon Sep 23 20:43:59 IST 2019
2019-09-18 22:51:59 INFO  InventoryConfig:38 - Successfully opened the input stream for properties :: /resource/properties/applicationProp.properties
2019-09-18 22:52:02 INFO  UserService:59 - in authenticating user method
2019-09-18 22:52:04 INFO  BaseConnection:199 - sql cleanup process completed
2019-09-18 22:52:04 INFO  BaseConnection:199 - sql cleanup process completed
2019-09-18 22:52:04 INFO  BaseConnection:199 - sql cleanup process completed
2019-09-18 22:52:04 INFO  BaseConnection:199 - sql cleanup process completed
2019-09-18 22:52:04 INFO  BaseConnection:199 - sql cleanup process completed
2019-09-18 22:52:04 INFO  InventoryTimers:26 - initializing all timers
2019-09-18 22:52:04 INFO  InventoryTimers:36 - initializing auto database backup timer
2019-09-18 22:52:04 INFO  InventoryTimers:44 - automatic db backup scheduled to date:Mon Sep 23 20:43:59 IST 2019
2019-09-19 21:22:33 INFO  InventoryConfig:38 - Successfully opened the input stream for properties :: /resource/properties/applicationProp.properties
2019-09-19 21:22:38 INFO  UserService:59 - in authenticating user method
2019-09-19 21:22:40 INFO  BaseConnection:199 - sql cleanup process completed
2019-09-19 21:22:40 INFO  BaseConnection:199 - sql cleanup process completed
2019-09-19 21:22:40 INFO  BaseConnection:199 - sql cleanup process completed
2019-09-19 21:22:40 INFO  BaseConnection:199 - sql cleanup process completed
2019-09-19 21:22:40 INFO  BaseConnection:199 - sql cleanup process completed
2019-09-19 21:22:41 INFO  InventoryTimers:26 - initializing all timers
2019-09-19 21:22:41 INFO  InventoryTimers:36 - initializing auto database backup timer
2019-09-19 21:22:41 INFO  InventoryTimers:44 - automatic db backup scheduled to date:Mon Sep 23 20:43:59 IST 2019
2019-09-19 21:23:28 INFO  SupplierService:264 - fetching suppliers list
2019-09-19 21:23:28 INFO  BaseConnection:199 - sql cleanup process completed
2019-09-19 21:23:28 INFO  SupplierService:292 - fetched number of suppliers= 0
2019-09-19 21:23:32 INFO  SupplierService:264 - fetching suppliers list
2019-09-19 21:23:32 INFO  BaseConnection:199 - sql cleanup process completed
2019-09-19 21:23:32 INFO  SupplierService:292 - fetched number of suppliers= 0
2019-09-19 21:23:33 INFO  StockService:112 - fetching stocks from stockList method
2019-09-19 21:23:33 INFO  StockService:132 - All stock fetched from database
2019-09-19 21:23:37 INFO  SupplierService:264 - fetching suppliers list
2019-09-19 21:23:37 INFO  BaseConnection:199 - sql cleanup process completed
2019-09-19 21:23:37 INFO  SupplierService:292 - fetched number of suppliers= 0
2019-09-19 21:26:47 INFO  InventoryConfig:38 - Successfully opened the input stream for properties :: /resource/properties/applicationProp.properties
2019-09-19 21:26:54 INFO  UserService:59 - in authenticating user method
2019-09-19 21:26:54 INFO  BaseConnection:199 - sql cleanup process completed
2019-09-19 21:26:55 INFO  BaseConnection:199 - sql cleanup process completed
2019-09-19 21:26:55 INFO  BaseConnection:199 - sql cleanup process completed
2019-09-19 21:26:55 INFO  BaseConnection:199 - sql cleanup process completed
2019-09-19 21:26:55 INFO  BaseConnection:199 - sql cleanup process completed
2019-09-19 21:26:55 INFO  InventoryTimers:26 - initializing all timers
2019-09-19 21:26:55 INFO  InventoryTimers:36 - initializing auto database backup timer
2019-09-19 21:26:55 INFO  InventoryTimers:44 - automatic db backup scheduled to date:Mon Sep 23 20:43:59 IST 2019
2019-09-19 21:28:04 INFO  InventoryConfig:38 - Successfully opened the input stream for properties :: /resource/properties/applicationProp.properties
2019-09-19 21:28:13 INFO  UserService:59 - in authenticating user method
2019-09-19 21:28:13 INFO  BaseConnection:199 - sql cleanup process completed
2019-09-19 21:28:13 INFO  BaseConnection:199 - sql cleanup process completed
2019-09-19 21:28:13 INFO  BaseConnection:199 - sql cleanup process completed
2019-09-19 21:28:14 INFO  BaseConnection:199 - sql cleanup process completed
2019-09-19 21:28:14 INFO  BaseConnection:199 - sql cleanup process completed
2019-09-19 21:28:14 INFO  InventoryTimers:26 - initializing all timers
2019-09-19 21:28:14 INFO  InventoryTimers:36 - initializing auto database backup timer
2019-09-19 21:28:14 INFO  InventoryTimers:44 - automatic db backup scheduled to date:Mon Sep 23 20:43:59 IST 2019
2019-09-19 21:31:36 INFO  InventoryConfig:38 - Successfully opened the input stream for properties :: /resource/properties/applicationProp.properties
2019-09-19 21:31:42 INFO  UserService:59 - in authenticating user method
2019-09-19 21:31:43 INFO  BaseConnection:199 - sql cleanup process completed
2019-09-19 21:31:43 INFO  BaseConnection:199 - sql cleanup process completed
2019-09-19 21:31:43 INFO  BaseConnection:199 - sql cleanup process completed
2019-09-19 21:31:43 INFO  BaseConnection:199 - sql cleanup process completed
2019-09-19 21:31:43 INFO  BaseConnection:199 - sql cleanup process completed
2019-09-19 21:31:43 INFO  InventoryTimers:26 - initializing all timers
2019-09-19 21:31:43 INFO  InventoryTimers:36 - initializing auto database backup timer
2019-09-19 21:31:43 INFO  InventoryTimers:44 - automatic db backup scheduled to date:Mon Sep 23 20:43:59 IST 2019
2019-09-19 21:33:40 INFO  InventoryConfig:38 - Successfully opened the input stream for properties :: /resource/properties/applicationProp.properties
2019-09-19 21:33:47 INFO  UserService:59 - in authenticating user method
2019-09-19 21:33:47 INFO  BaseConnection:199 - sql cleanup process completed
2019-09-19 21:33:47 INFO  BaseConnection:199 - sql cleanup process completed
2019-09-19 21:33:47 INFO  BaseConnection:199 - sql cleanup process completed
2019-09-19 21:33:47 INFO  BaseConnection:199 - sql cleanup process completed
2019-09-19 21:33:47 INFO  BaseConnection:199 - sql cleanup process completed
2019-09-19 21:33:48 INFO  InventoryTimers:26 - initializing all timers
2019-09-19 21:33:48 INFO  InventoryTimers:36 - initializing auto database backup timer
2019-09-19 21:33:48 INFO  InventoryTimers:44 - automatic db backup scheduled to date:Mon Sep 23 20:43:59 IST 2019
2019-09-19 21:35:01 INFO  InventoryConfig:38 - Successfully opened the input stream for properties :: /resource/properties/applicationProp.properties
2019-09-19 21:35:05 INFO  UserService:59 - in authenticating user method
2019-09-19 21:35:05 INFO  BaseConnection:199 - sql cleanup process completed
2019-09-19 21:35:05 INFO  BaseConnection:199 - sql cleanup process completed
2019-09-19 21:35:05 INFO  BaseConnection:199 - sql cleanup process completed
2019-09-19 21:35:05 INFO  BaseConnection:199 - sql cleanup process completed
2019-09-19 21:35:05 INFO  BaseConnection:199 - sql cleanup process completed
2019-09-19 21:35:06 INFO  InventoryTimers:26 - initializing all timers
2019-09-19 21:35:06 INFO  InventoryTimers:36 - initializing auto database backup timer
2019-09-19 21:35:06 INFO  InventoryTimers:44 - automatic db backup scheduled to date:Mon Sep 23 20:43:59 IST 2019
2019-09-19 21:36:58 INFO  InventoryConfig:38 - Successfully opened the input stream for properties :: /resource/properties/applicationProp.properties
2019-09-19 21:37:04 INFO  UserService:59 - in authenticating user method
2019-09-19 21:37:05 INFO  BaseConnection:199 - sql cleanup process completed
2019-09-19 21:37:05 INFO  BaseConnection:199 - sql cleanup process completed
2019-09-19 21:37:05 INFO  BaseConnection:199 - sql cleanup process completed
2019-09-19 21:37:05 INFO  BaseConnection:199 - sql cleanup process completed
2019-09-19 21:37:05 INFO  BaseConnection:199 - sql cleanup process completed
2019-09-19 21:37:05 INFO  InventoryTimers:26 - initializing all timers
2019-09-19 21:37:05 INFO  InventoryTimers:36 - initializing auto database backup timer
2019-09-19 21:37:05 INFO  InventoryTimers:44 - automatic db backup scheduled to date:Mon Sep 23 20:43:59 IST 2019
2019-09-19 21:41:01 INFO  InventoryConfig:38 - Successfully opened the input stream for properties :: /resource/properties/applicationProp.properties
2019-09-19 21:41:05 INFO  UserService:59 - in authenticating user method
2019-09-19 21:41:06 INFO  BaseConnection:199 - sql cleanup process completed
2019-09-19 21:41:06 INFO  BaseConnection:199 - sql cleanup process completed
2019-09-19 21:41:06 INFO  BaseConnection:199 - sql cleanup process completed
2019-09-19 21:41:06 INFO  BaseConnection:199 - sql cleanup process completed
2019-09-19 21:41:06 INFO  BaseConnection:199 - sql cleanup process completed
2019-09-19 21:41:06 INFO  InventoryTimers:26 - initializing all timers
2019-09-19 21:41:06 INFO  InventoryTimers:36 - initializing auto database backup timer
2019-09-19 21:41:06 INFO  InventoryTimers:44 - automatic db backup scheduled to date:Mon Sep 23 20:43:59 IST 2019
2019-09-19 21:41:25 INFO  InventoryConfig:38 - Successfully opened the input stream for properties :: /resource/properties/applicationProp.properties
2019-09-19 21:41:29 INFO  UserService:59 - in authenticating user method
2019-09-19 21:41:30 INFO  BaseConnection:199 - sql cleanup process completed
2019-09-19 21:41:30 INFO  BaseConnection:199 - sql cleanup process completed
2019-09-19 21:41:30 INFO  BaseConnection:199 - sql cleanup process completed
2019-09-19 21:41:30 INFO  BaseConnection:199 - sql cleanup process completed
2019-09-19 21:41:30 INFO  BaseConnection:199 - sql cleanup process completed
2019-09-19 21:41:30 INFO  InventoryTimers:26 - initializing all timers
2019-09-19 21:41:30 INFO  InventoryTimers:36 - initializing auto database backup timer
2019-09-19 21:41:30 INFO  InventoryTimers:44 - automatic db backup scheduled to date:Mon Sep 23 20:43:59 IST 2019
2019-09-19 22:03:30 INFO  InventoryConfig:38 - Successfully opened the input stream for properties :: /resource/properties/applicationProp.properties
2019-09-19 22:03:37 INFO  UserService:59 - in authenticating user method
2019-09-19 22:03:37 INFO  BaseConnection:199 - sql cleanup process completed
2019-09-19 22:03:37 INFO  BaseConnection:199 - sql cleanup process completed
2019-09-19 22:03:37 INFO  BaseConnection:199 - sql cleanup process completed
2019-09-19 22:03:38 INFO  BaseConnection:199 - sql cleanup process completed
2019-09-19 22:03:38 INFO  BaseConnection:199 - sql cleanup process completed
2019-09-19 22:03:38 INFO  InventoryTimers:26 - initializing all timers
2019-09-19 22:03:38 INFO  InventoryTimers:36 - initializing auto database backup timer
2019-09-19 22:03:38 INFO  InventoryTimers:44 - automatic db backup scheduled to date:Mon Sep 23 20:43:59 IST 2019
2019-09-19 22:29:15 INFO  InventoryConfig:38 - Successfully opened the input stream for properties :: /resource/properties/applicationProp.properties
2019-09-19 22:29:34 INFO  UserService:59 - in authenticating user method
2019-09-19 22:29:35 INFO  BaseConnection:199 - sql cleanup process completed
2019-09-19 22:29:35 INFO  BaseConnection:199 - sql cleanup process completed
2019-09-19 22:29:35 INFO  BaseConnection:199 - sql cleanup process completed
2019-09-19 22:29:35 INFO  BaseConnection:199 - sql cleanup process completed
2019-09-19 22:29:35 INFO  BaseConnection:199 - sql cleanup process completed
2019-09-19 22:29:35 INFO  InventoryTimers:26 - initializing all timers
2019-09-19 22:29:35 INFO  InventoryTimers:36 - initializing auto database backup timer
2019-09-19 22:29:35 INFO  InventoryTimers:44 - automatic db backup scheduled to date:Mon Sep 23 20:43:59 IST 2019
2019-09-20 08:58:56 INFO  InventoryConfig:38 - Successfully opened the input stream for properties :: /resource/properties/applicationProp.properties
2019-09-20 08:59:05 INFO  UserService:59 - in authenticating user method
2019-09-20 08:59:06 INFO  BaseConnection:199 - sql cleanup process completed
2019-09-20 08:59:06 INFO  BaseConnection:199 - sql cleanup process completed
2019-09-20 08:59:06 INFO  BaseConnection:199 - sql cleanup process completed
2019-09-20 08:59:06 INFO  BaseConnection:199 - sql cleanup process completed
2019-09-20 08:59:06 INFO  BaseConnection:199 - sql cleanup process completed
2019-09-20 08:59:07 INFO  InventoryTimers:26 - initializing all timers
2019-09-20 08:59:07 INFO  InventoryTimers:36 - initializing auto database backup timer
2019-09-20 08:59:07 INFO  InventoryTimers:44 - automatic db backup scheduled to date:Mon Sep 23 20:43:59 IST 2019
2019-09-20 20:32:38 INFO  InventoryConfig:38 - Successfully opened the input stream for properties :: /resource/properties/applicationProp.properties
2019-09-20 20:32:45 INFO  UserService:59 - in authenticating user method
2019-09-20 20:32:45 INFO  BaseConnection:199 - sql cleanup process completed
2019-09-20 20:32:45 INFO  BaseConnection:199 - sql cleanup process completed
2019-09-20 20:32:45 INFO  BaseConnection:199 - sql cleanup process completed
2019-09-20 20:32:45 INFO  BaseConnection:199 - sql cleanup process completed
2019-09-20 20:32:45 INFO  BaseConnection:199 - sql cleanup process completed
2019-09-20 20:32:46 INFO  InventoryTimers:26 - initializing all timers
2019-09-20 20:32:46 INFO  InventoryTimers:36 - initializing auto database backup timer
2019-09-20 20:32:46 INFO  InventoryTimers:44 - automatic db backup scheduled to date:Mon Sep 23 20:43:59 IST 2019
2019-09-20 21:03:02 INFO  InventoryConfig:38 - Successfully opened the input stream for properties :: /resource/properties/applicationProp.properties
2019-09-20 21:03:06 INFO  UserService:59 - in authenticating user method
2019-09-20 21:03:07 INFO  BaseConnection:199 - sql cleanup process completed
2019-09-20 21:03:07 INFO  BaseConnection:199 - sql cleanup process completed
2019-09-20 21:03:07 INFO  BaseConnection:199 - sql cleanup process completed
2019-09-20 21:03:07 INFO  BaseConnection:199 - sql cleanup process completed
2019-09-20 21:03:07 INFO  BaseConnection:199 - sql cleanup process completed
2019-09-20 21:03:07 INFO  InventoryTimers:26 - initializing all timers
2019-09-20 21:03:07 INFO  InventoryTimers:36 - initializing auto database backup timer
2019-09-20 21:03:07 INFO  InventoryTimers:44 - automatic db backup scheduled to date:Mon Sep 23 20:43:59 IST 2019
2019-09-20 21:03:53 INFO  InventoryConfig:38 - Successfully opened the input stream for properties :: /resource/properties/applicationProp.properties
2019-09-20 21:03:59 INFO  UserService:59 - in authenticating user method
2019-09-20 21:04:00 INFO  BaseConnection:199 - sql cleanup process completed
2019-09-20 21:04:00 INFO  BaseConnection:199 - sql cleanup process completed
2019-09-20 21:04:00 INFO  BaseConnection:199 - sql cleanup process completed
2019-09-20 21:04:00 INFO  BaseConnection:199 - sql cleanup process completed
2019-09-20 21:04:00 INFO  BaseConnection:199 - sql cleanup process completed
2019-09-20 21:04:00 INFO  InventoryTimers:26 - initializing all timers
2019-09-20 21:04:00 INFO  InventoryTimers:36 - initializing auto database backup timer
2019-09-20 21:04:00 INFO  InventoryTimers:44 - automatic db backup scheduled to date:Mon Sep 23 20:43:59 IST 2019
2019-09-20 21:53:39 INFO  InventoryConfig:38 - Successfully opened the input stream for properties :: /resource/properties/applicationProp.properties
2019-09-20 21:54:47 INFO  UserService:59 - in authenticating user method
2019-09-20 21:54:48 INFO  BaseConnection:199 - sql cleanup process completed
2019-09-20 21:54:48 INFO  BaseConnection:199 - sql cleanup process completed
2019-09-20 21:54:48 INFO  BaseConnection:199 - sql cleanup process completed
2019-09-20 21:54:48 INFO  BaseConnection:199 - sql cleanup process completed
2019-09-20 21:54:48 INFO  BaseConnection:199 - sql cleanup process completed
2019-09-20 21:54:48 INFO  InventoryTimers:26 - initializing all timers
2019-09-20 21:54:48 INFO  InventoryTimers:36 - initializing auto database backup timer
2019-09-20 21:54:48 INFO  InventoryTimers:44 - automatic db backup scheduled to date:Mon Sep 23 20:43:59 IST 2019
2019-09-20 22:14:47 INFO  SupplierService:264 - fetching suppliers list
2019-09-20 22:14:47 INFO  BaseConnection:199 - sql cleanup process completed
2019-09-20 22:14:47 INFO  SupplierService:292 - fetched number of suppliers= 0
2019-09-20 23:44:10 INFO  InventoryConfig:38 - Successfully opened the input stream for properties :: /resource/properties/applicationProp.properties
2019-09-21 10:25:36 INFO  InventoryConfig:38 - Successfully opened the input stream for properties :: /resource/properties/applicationProp.properties
2019-09-21 10:25:57 INFO  InventoryConfig:38 - Successfully opened the input stream for properties :: /resource/properties/applicationProp.properties
2019-09-21 10:27:45 INFO  InventoryConfig:38 - Successfully opened the input stream for properties :: /resource/properties/applicationProp.properties
2019-09-21 10:28:18 INFO  InventoryConfig:38 - Successfully opened the input stream for properties :: /resource/properties/applicationProp.properties
2019-09-21 10:29:55 INFO  InventoryConfig:38 - Successfully opened the input stream for properties :: /resource/properties/applicationProp.properties
2019-09-21 10:30:43 INFO  InventoryConfig:38 - Successfully opened the input stream for properties :: /resource/properties/applicationProp.properties
2019-09-21 10:39:39 INFO  InventoryConfig:38 - Successfully opened the input stream for properties :: /resource/properties/applicationProp.properties
2019-09-21 10:40:35 INFO  InventoryConfig:38 - Successfully opened the input stream for properties :: /resource/properties/applicationProp.properties
2019-09-21 10:41:02 INFO  InventoryConfig:38 - Successfully opened the input stream for properties :: /resource/properties/applicationProp.properties
2019-09-21 10:41:38 INFO  InventoryConfig:38 - Successfully opened the input stream for properties :: /resource/properties/applicationProp.properties
2019-09-21 11:18:22 INFO  InventoryConfig:38 - Successfully opened the input stream for properties :: /resource/properties/applicationProp.properties
2019-09-21 11:35:03 INFO  InventoryConfig:38 - Successfully opened the input stream for properties :: /resource/properties/applicationProp.properties
2019-09-21 11:36:57 INFO  InventoryConfig:38 - Successfully opened the input stream for properties :: /resource/properties/applicationProp.properties
2019-09-22 14:34:03 INFO  UserService:59 - in authenticating user method
2019-09-22 14:34:04 INFO  BaseConnection:199 - sql cleanup process completed
2019-09-22 14:34:04 INFO  BaseConnection:199 - sql cleanup process completed
2019-09-22 14:34:04 INFO  BaseConnection:199 - sql cleanup process completed
2019-09-22 14:34:04 INFO  BaseConnection:199 - sql cleanup process completed
2019-09-22 14:34:04 INFO  BaseConnection:199 - sql cleanup process completed
2019-09-22 14:34:04 INFO  InventoryTimers:26 - initializing all timers
2019-09-22 14:34:04 INFO  InventoryTimers:36 - initializing auto database backup timer
2019-09-22 14:34:04 INFO  InventoryTimers:44 - automatic db backup scheduled to date:Mon Sep 23 20:43:59 IST 2019
2019-09-22 17:44:48 INFO  InventoryConfig:38 - Successfully opened the input stream for properties :: /resource/properties/applicationProp.properties
2019-09-22 17:44:59 INFO  UserService:59 - in authenticating user method
2019-09-22 17:45:00 INFO  BaseConnection:199 - sql cleanup process completed
2019-09-22 17:45:00 INFO  BaseConnection:199 - sql cleanup process completed
2019-09-22 17:45:00 INFO  BaseConnection:199 - sql cleanup process completed
2019-09-22 17:45:01 INFO  BaseConnection:199 - sql cleanup process completed
2019-09-22 17:45:01 INFO  BaseConnection:199 - sql cleanup process completed
2019-09-22 17:45:01 INFO  InventoryTimers:26 - initializing all timers
2019-09-22 17:45:01 INFO  InventoryTimers:36 - initializing auto database backup timer
2019-09-22 17:45:01 INFO  InventoryTimers:44 - automatic db backup scheduled to date:Mon Sep 23 20:43:59 IST 2019
2019-09-22 17:52:30 INFO  InventoryConfig:38 - Successfully opened the input stream for properties :: /resource/properties/applicationProp.properties
2019-09-22 17:53:32 INFO  UserService:59 - in authenticating user method
2019-09-22 17:53:32 INFO  BaseConnection:199 - sql cleanup process completed
2019-09-22 17:53:32 INFO  BaseConnection:199 - sql cleanup process completed
2019-09-22 17:53:32 INFO  BaseConnection:199 - sql cleanup process completed
2019-09-22 17:53:32 INFO  BaseConnection:199 - sql cleanup process completed
2019-09-22 17:53:32 INFO  BaseConnection:199 - sql cleanup process completed
2019-09-22 17:53:32 INFO  InventoryTimers:26 - initializing all timers
2019-09-22 17:53:32 INFO  InventoryTimers:36 - initializing auto database backup timer
2019-09-22 17:53:33 INFO  InventoryTimers:44 - automatic db backup scheduled to date:Mon Sep 23 20:43:59 IST 2019
2019-09-23 07:44:11 INFO  InventoryConfig:38 - Successfully opened the input stream for properties :: /resource/properties/applicationProp.properties
2019-09-23 07:54:16 INFO  InventoryConfig:38 - Successfully opened the input stream for properties :: /resource/properties/applicationProp.properties
2019-09-23 07:54:24 INFO  UserService:59 - in authenticating user method
2019-09-23 07:54:25 INFO  BaseConnection:199 - sql cleanup process completed
2019-09-23 07:54:25 INFO  BaseConnection:199 - sql cleanup process completed
2019-09-23 07:54:25 INFO  BaseConnection:199 - sql cleanup process completed
2019-09-23 07:54:25 INFO  BaseConnection:199 - sql cleanup process completed
2019-09-23 07:54:25 INFO  BaseConnection:199 - sql cleanup process completed
2019-09-23 07:54:25 INFO  InventoryTimers:26 - initializing all timers
2019-09-23 07:54:25 INFO  InventoryTimers:36 - initializing auto database backup timer
2019-09-23 07:54:25 INFO  InventoryTimers:44 - automatic db backup scheduled to date:Mon Sep 23 20:43:59 IST 2019
2019-09-23 07:54:37 INFO  MainQuery:56 - payment complete. now showing billing summary page
2019-09-23 08:41:43 INFO  InventoryConfig:38 - Successfully opened the input stream for properties :: /resource/properties/applicationProp.properties
2019-09-23 08:41:48 INFO  UserService:59 - in authenticating user method
2019-09-23 08:41:49 INFO  BaseConnection:199 - sql cleanup process completed
2019-09-23 08:41:49 INFO  BaseConnection:199 - sql cleanup process completed
2019-09-23 08:41:49 INFO  BaseConnection:199 - sql cleanup process completed
2019-09-23 08:41:49 INFO  BaseConnection:199 - sql cleanup process completed
2019-09-23 08:41:49 INFO  BaseConnection:199 - sql cleanup process completed
2019-09-23 08:41:49 INFO  InventoryTimers:26 - initializing all timers
2019-09-23 08:41:49 INFO  InventoryTimers:36 - initializing auto database backup timer
2019-09-23 08:41:49 INFO  InventoryTimers:44 - automatic db backup scheduled to date:Mon Sep 23 20:43:59 IST 2019
2019-09-23 08:46:51 INFO  InventoryConfig:38 - Successfully opened the input stream for properties :: /resource/properties/applicationProp.properties
2019-09-23 08:47:02 INFO  UserService:59 - in authenticating user method
2019-09-23 08:47:03 INFO  BaseConnection:199 - sql cleanup process completed
2019-09-23 08:47:03 INFO  BaseConnection:199 - sql cleanup process completed
2019-09-23 08:47:03 INFO  BaseConnection:199 - sql cleanup process completed
2019-09-23 08:47:03 INFO  BaseConnection:199 - sql cleanup process completed
2019-09-23 08:47:03 INFO  BaseConnection:199 - sql cleanup process completed
2019-09-23 08:47:03 INFO  InventoryTimers:26 - initializing all timers
2019-09-23 08:47:03 INFO  InventoryTimers:36 - initializing auto database backup timer
2019-09-23 08:47:03 INFO  InventoryTimers:44 - automatic db backup scheduled to date:Mon Sep 23 20:43:59 IST 2019
